#
# A fatal error has been detected by the Java Runtime Environment:
#
#  SIGSEGV (0xb) at pc=0x00007fba44e595fa, pid=5022, tid=0x00007fba1a2d7700
#
# JRE version: OpenJDK Runtime Environment (8.0_191-b12) (build 1.8.0_191-8u191-b12-0ubuntu0.18.04.1-b12)
# Java VM: OpenJDK 64-Bit Server VM (25.191-b12 mixed mode linux-amd64 compressed oops)
# Problematic frame:
# v  ~BufferBlob::jni_fast_GetLongField
#
# Failed to write core dump. Core dumps have been disabled. To enable core dumping, try "ulimit -c unlimited" before starting Java again
#
# If you would like to submit a bug report, please visit:
#   http://bugreport.java.com/bugreport/crash.jsp
# The crash happened outside the Java Virtual Machine in native code.
# See problematic frame for where to report the bug.
#

---------------  T H R E A D  ---------------

Current thread (0x00007fba54259800):  JavaThread "AWT-XAWT" daemon [_thread_in_native, id=5039, stack(0x00007fba1a1d7000,0x00007fba1a2d8000)]

siginfo: si_signo: 11 (SIGSEGV), si_code: 1 (SEGV_MAPERR), si_addr: 0x0000000000000000

Registers:
RAX=0x00007fba5a865080, RBX=0x00007fba542599e0, RCX=0x0000000000000000, RDX=0x0000000000000042
RSP=0x00007fba1a2d67c8, RBP=0x00007fba1a2d67f0, RSI=0x0000000000000000, RDI=0x00007fba542599e0
R8 =0x00007fba1bd249b0, R9 =0x0000000000000000, R10=0x0000000000000060, R11=0x00007fba45183358
R12=0x0000000000000000, R13=0x0000000000000000, R14=0x00007fba405cfb00, R15=0x00007fba54259800
RIP=0x00007fba44e595fa, EFLAGS=0x0000000000010246, CSGSFS=0x002b000000000033, ERR=0x0000000000000004
  TRAPNO=0x000000000000000e

Top of Stack: (sp=0x00007fba1a2d67c8)
0x00007fba1a2d67c8:   00007fba403add04 00007fba426c9030
0x00007fba1a2d67d8:   0000000000000000 00007fba1a2d68a0
0x00007fba1a2d67e8:   00007fba1a2d6870 00005599e7e0dec0
0x00007fba1a2d67f8:   00007fba1bd2cb1d 00007fba426c9030
0x00007fba1a2d6808:   00007fba1a2d6830 0000000000000000
0x00007fba1a2d6818:   00007fba1bd249d3 00007fba1a2d68a0
0x00007fba1a2d6828:   00007fba403a5caf 00007fba1a2d6880
0x00007fba1a2d6838:   00007fba451833f6 0000000000000000
0x00007fba1a2d6848:   00007fba450c76f6 00007fba1a2d68a0
0x00007fba1a2d6858:   00007fba44f5fa6c 00007fba1a2d6900
0x00007fba1a2d6868:   00000000ef19a320 00000000ca800188
0x00007fba1a2d6878:   00000000ef143b10 00007fba1a2d6900
0x00007fba1a2d6888:   00007fba44df77d0 00007fba1a2d6900
0x00007fba1a2d6898:   00007fba44df77d0 0000000000000000
0x00007fba1a2d68a8:   00007fba44df7b10 00007fba08003130
0x00007fba1a2d68b8:   00000000ef19a320 00007fba1a2d68c0
0x00007fba1a2d68c8:   00007fba426a918c 00007fba1a2d6948
0x00007fba1a2d68d8:   00007fba426b2170 0000000000000000
0x00007fba1a2d68e8:   00007fba426a92c8 00007fba1a2d68a0
0x00007fba1a2d68f8:   00007fba1a2d6940 00007fba1a2d6990
0x00007fba1a2d6908:   00007fba44df7ffd 0000000000000000
0x00007fba1a2d6918:   00000000ef11fb30 0000000000000000
0x00007fba1a2d6928:   0000000000000000 0000000000000000
0x00007fba1a2d6938:   00000000ef19a320 0000000000000000
0x00007fba1a2d6948:   00000000ef129f90 00007fba1a2d6950
0x00007fba1a2d6958:   00007fba426a8fcd 00007fba1a2d69a0
0x00007fba1a2d6968:   00007fba426b2170 0000000000000000
0x00007fba1a2d6978:   00007fba426a8fd8 00007fba1a2d6940
0x00007fba1a2d6988:   00007fba1a2d69a0 00007fba1a2d69e8
0x00007fba1a2d6998:   00007fba44df8042 00000000ef129f90
0x00007fba1a2d69a8:   00007fba1a2d69a8 00007fba422436cb
0x00007fba1a2d69b8:   00007fba1a2d69f8 00007fba422cb3e8 

Instructions: (pc=0x00007fba44e595fa)
0x00007fba44e595da:   00 00 00 00 00 00 44 8b 15 75 86 a3 15 4c 8b ce
0x00007fba44e595ea:   41 f6 c2 01 0f 85 2e 00 00 00 4d 33 ca 4d 33 ca
0x00007fba44e595fa:   4d 8b 09 4c 8b da 49 c1 eb 02 4b 8b 04 19 49 bb
0x00007fba44e5960a:   5c 1c 89 5a ba 7f 00 00 4c 33 d8 4c 33 d8 45 3b 

Register to memory mapping:

RAX=0x00007fba5a865080: <offset 0xf3d080> in /usr/lib/jvm/java-8-openjdk-amd64/jre/lib/amd64/server/libjvm.so at 0x00007fba59928000
RBX=0x00007fba542599e0 is an unknown value
RCX=0x0000000000000000 is an unknown value
RDX=0x0000000000000042 is an unknown value
RSP=0x00007fba1a2d67c8 is pointing into the stack for thread: 0x00007fba54259800
RBP=0x00007fba1a2d67f0 is pointing into the stack for thread: 0x00007fba54259800
RSI=0x0000000000000000 is an unknown value
RDI=0x00007fba542599e0 is an unknown value
R8 =0x00007fba1bd249b0: <offset 0x5c9b0> in /usr/lib/x86_64-linux-gnu/libX11.so.6 at 0x00007fba1bcc8000
R9 =0x0000000000000000 is an unknown value
R10=0x0000000000000060 is an unknown value
R11=0x00007fba45183358 is at entry_point+24 in (nmethod*)0x00007fba451831d0
R12=0x0000000000000000 is an unknown value
R13=0x0000000000000000 is an unknown value
R14=0x00007fba405cfb00: <offset 0x257b00> in /usr/lib/jvm/java-8-openjdk-amd64/jre/lib/amd64/libawt_xawt.so at 0x00007fba40378000
R15=0x00007fba54259800 is a thread


Stack: [0x00007fba1a1d7000,0x00007fba1a2d8000],  sp=0x00007fba1a2d67c8,  free space=1021k
Native frames: (J=compiled Java code, j=interpreted, Vv=VM code, C=native code)
v  ~BufferBlob::jni_fast_GetLongField
C  [libX11.so.6+0x64b1d]  _XimServerDestroy+0x3d

Java frames: (J=compiled Java code, j=interpreted, Vv=VM code)
J 957  sun.awt.X11.XlibWrapper.XFilterEvent(JJ)Z (0 bytes) @ 0x00007fba45183384 [0x00007fba45183340+0x44]
j  sun.awt.X11.XToolkit.run(Z)V+300
j  sun.awt.X11.XToolkit.run()V+5
j  java.lang.Thread.run()V+11
v  ~StubRoutines::call_stub

---------------  P R O C E S S  ---------------

Java Threads: ( => current thread )
  0x00005599e7e0b000 JavaThread "TimerQueue" daemon [_thread_blocked, id=5048, stack(0x00007fba068e6000,0x00007fba069e7000)]
  0x00007fba00004000 JavaThread "Thread-0" daemon [_thread_in_native, id=5044, stack(0x00007fba06be8000,0x00007fba073e8000)]
  0x00007fba5400b800 JavaThread "DestroyJavaVM" [_thread_blocked, id=5026, stack(0x00007fba5b627000,0x00007fba5b727000)]
  0x00007fba54341800 JavaThread "AWT-EventQueue-1" [_thread_blocked, id=5043, stack(0x00007fba074b6000,0x00007fba075b7000)]
  0x00007fba54340800 JavaThread "AWT-Shutdown" [_thread_blocked, id=5042, stack(0x00007fba075b7000,0x00007fba076b8000)]
=>0x00007fba54259800 JavaThread "AWT-XAWT" daemon [_thread_in_native, id=5039, stack(0x00007fba1a1d7000,0x00007fba1a2d8000)]
  0x00007fba5423a800 JavaThread "Java2D Disposer" daemon [_thread_blocked, id=5037, stack(0x00007fba40005000,0x00007fba40106000)]
  0x00007fba540d4800 JavaThread "Service Thread" daemon [_thread_blocked, id=5035, stack(0x00007fba40a04000,0x00007fba40b05000)]
  0x00007fba540b8000 JavaThread "C1 CompilerThread1" daemon [_thread_blocked, id=5034, stack(0x00007fba40b06000,0x00007fba40c06000)]
  0x00007fba540b5000 JavaThread "C2 CompilerThread0" daemon [_thread_blocked, id=5033, stack(0x00007fba40c07000,0x00007fba40d07000)]
  0x00007fba540b3800 JavaThread "Signal Dispatcher" daemon [_thread_in_vm, id=5032, stack(0x00007fba40d07000,0x00007fba40e08000)]
  0x00007fba54081000 JavaThread "Finalizer" daemon [_thread_blocked, id=5031, stack(0x00007fba4135c000,0x00007fba4145d000)]
  0x00007fba5407e800 JavaThread "Reference Handler" daemon [_thread_blocked, id=5030, stack(0x00007fba4145d000,0x00007fba4155e000)]

Other Threads:
  0x00007fba54075000 VMThread [stack: 0x00007fba4155f000,0x00007fba4165f000] [id=5029]
  0x00007fba540d7000 WatcherThread [stack: 0x00007fba40904000,0x00007fba40a04000] [id=5036]

VM state:not at safepoint (normal execution)

VM Mutex/Monitor currently owned by a thread:  ([mutex/lock_event])
[0x00007fba54007c80] Threads_lock - owner thread: 0x00007fba540b3800

Heap:
 PSYoungGen      total 16384K, used 4825K [0x00000000ee300000, 0x00000000ef500000, 0x0000000100000000)
  eden space 14336K, 19% used [0x00000000ee300000,0x00000000ee5ba488,0x00000000ef100000)
  from space 2048K, 99% used [0x00000000ef100000,0x00000000ef2fc010,0x00000000ef300000)
  to   space 2048K, 0% used [0x00000000ef300000,0x00000000ef300000,0x00000000ef500000)
 ParOldGen       total 36864K, used 527K [0x00000000ca800000, 0x00000000ccc00000, 0x00000000ee300000)
  object space 36864K, 1% used [0x00000000ca800000,0x00000000ca883e30,0x00000000ccc00000)
 Metaspace       used 15543K, capacity 15794K, committed 16128K, reserved 1062912K
  class space    used 1912K, capacity 2019K, committed 2048K, reserved 1048576K

Card table byte_map: [0x00007fba44883000,0x00007fba44a30000] byte_map_base: 0x00007fba4422f000

Marking Bits: (ParMarkBitMap*) 0x00007fba5a891340
 Begin Bits: [0x00007fba42bc1000, 0x00007fba43921000)
 End Bits:   [0x00007fba43921000, 0x00007fba44681000)

Polling page: 0x00007fba5b72c000

CodeCache: size=245760Kb used=5634Kb max_used=5637Kb free=240125Kb
 bounds [0x00007fba44df0000, 0x00007fba45380000, 0x00007fba53df0000]
 total_blobs=2191 nmethods=1619 adapters=487
 compilation: enabled

Compilation events (10 events):
Event: 1331,172 Thread 0x00007fba540b5000 1616   !   4       sun.awt.X11.XToolkit::getNextTaskTime (55 bytes)
Event: 1331,182 Thread 0x00007fba540b5000 nmethod 1616 0x00007fba4536e110 code [0x00007fba4536e2a0, 0x00007fba4536e5d0]
Event: 1351,015 Thread 0x00007fba540b5000 1617   !   4       sun.awt.X11.XToolkit::windowToXWindow (27 bytes)
Event: 1351,029 Thread 0x00007fba540b5000 nmethod 1617 0x00007fba45371bd0 code [0x00007fba45371d60, 0x00007fba453722b8]
Event: 1623,888 Thread 0x00007fba540b8000 1618   !   3       sun.awt.X11.XToolkit$1::dispatchEvent (34 bytes)
Event: 1623,889 Thread 0x00007fba540b8000 nmethod 1618 0x00007fba45374050 code [0x00007fba453742a0, 0x00007fba453750b8]
Event: 1623,889 Thread 0x00007fba540b8000 1619       3       sun.awt.X11.XMSelection$1::dispatchEvent (10 bytes)
Event: 1623,890 Thread 0x00007fba540b8000 nmethod 1619 0x00007fba453712d0 code [0x00007fba45371480, 0x00007fba453718d8]
Event: 1623,890 Thread 0x00007fba540b8000 1620       3       sun.awt.X11.XMSelection::processRootEvent (32 bytes)
Event: 1623,890 Thread 0x00007fba540b8000 nmethod 1620 0x00007fba4536d8d0 code [0x00007fba4536da80, 0x00007fba4536de58]

GC Heap History (2 events):
Event: 27,322 GC heap before
{Heap before GC invocations=1 (full 0):
 PSYoungGen      total 16384K, used 14336K [0x00000000ee300000, 0x00000000ef500000, 0x0000000100000000)
  eden space 14336K, 100% used [0x00000000ee300000,0x00000000ef100000,0x00000000ef100000)
  from space 2048K, 0% used [0x00000000ef300000,0x00000000ef300000,0x00000000ef500000)
  to   space 2048K, 0% used [0x00000000ef100000,0x00000000ef100000,0x00000000ef300000)
 ParOldGen       total 36864K, used 0K [0x00000000ca800000, 0x00000000ccc00000, 0x00000000ee300000)
  object space 36864K, 0% used [0x00000000ca800000,0x00000000ca800000,0x00000000ccc00000)
 Metaspace       used 14963K, capacity 15218K, committed 15616K, reserved 1062912K
  class space    used 1852K, capacity 1955K, committed 2048K, reserved 1048576K
Event: 27,351 GC heap after
Heap after GC invocations=1 (full 0):
 PSYoungGen      total 16384K, used 2032K [0x00000000ee300000, 0x00000000ef500000, 0x0000000100000000)
  eden space 14336K, 0% used [0x00000000ee300000,0x00000000ee300000,0x00000000ef100000)
  from space 2048K, 99% used [0x00000000ef100000,0x00000000ef2fc010,0x00000000ef300000)
  to   space 2048K, 0% used [0x00000000ef300000,0x00000000ef300000,0x00000000ef500000)
 ParOldGen       total 36864K, used 527K [0x00000000ca800000, 0x00000000ccc00000, 0x00000000ee300000)
  object space 36864K, 1% used [0x00000000ca800000,0x00000000ca883e30,0x00000000ccc00000)
 Metaspace       used 14963K, capacity 15218K, committed 15616K, reserved 1062912K
  class space    used 1852K, capacity 1955K, committed 2048K, reserved 1048576K
}

Deoptimization events (10 events):
Event: 1,972 Thread 0x00007fba54341800 Uncommon trap: reason=unstable_if action=reinterpret pc=0x00007fba44fe218c method=java.lang.AbstractStringBuilder.append(Ljava/lang/String;)Ljava/lang/AbstractStringBuilder; @ 1
Event: 2,240 Thread 0x00007fba54341800 Uncommon trap: reason=class_check action=maybe_recompile pc=0x00007fba44ff8200 method=java.util.HashMap.putVal(ILjava/lang/Object;Ljava/lang/Object;ZZ)Ljava/lang/Object; @ 253
Event: 2,242 Thread 0x00007fba54341800 Uncommon trap: reason=class_check action=maybe_recompile pc=0x00007fba44ff8200 method=java.util.HashMap.putVal(ILjava/lang/Object;Ljava/lang/Object;ZZ)Ljava/lang/Object; @ 253
Event: 2,243 Thread 0x00007fba54341800 Uncommon trap: reason=class_check action=maybe_recompile pc=0x00007fba44ff8200 method=java.util.HashMap.putVal(ILjava/lang/Object;Ljava/lang/Object;ZZ)Ljava/lang/Object; @ 253
Event: 2,244 Thread 0x00007fba54341800 Uncommon trap: reason=class_check action=maybe_recompile pc=0x00007fba44ff8200 method=java.util.HashMap.putVal(ILjava/lang/Object;Ljava/lang/Object;ZZ)Ljava/lang/Object; @ 253
Event: 2,411 Thread 0x00007fba54341800 Uncommon trap: reason=class_check action=maybe_recompile pc=0x00007fba44f63328 method=java.lang.String.equals(Ljava/lang/Object;)Z @ 8
Event: 2,426 Thread 0x00007fba54341800 Uncommon trap: reason=class_check action=maybe_recompile pc=0x00007fba44f63328 method=java.lang.String.equals(Ljava/lang/Object;)Z @ 8
Event: 2,512 Thread 0x00007fba54341800 Uncommon trap: reason=class_check action=maybe_recompile pc=0x00007fba44f63328 method=java.lang.String.equals(Ljava/lang/Object;)Z @ 8
Event: 2,512 Thread 0x00007fba54341800 Uncommon trap: reason=class_check action=maybe_recompile pc=0x00007fba44f63328 method=java.lang.String.equals(Ljava/lang/Object;)Z @ 8
Event: 18,782 Thread 0x00007fba54341800 Uncommon trap: reason=unstable_if action=reinterpret pc=0x00007fba451952a0 method=sun.java2d.pisces.Renderer._endRendering(IIII)V @ 281

Classes redefined (0 events):
No events

Internal exceptions (10 events):
Event: 1,972 Thread 0x00007fba54341800 Implicit null exception at 0x00007fba44fe1db4 to 0x00007fba44fe2175
Event: 3,025 Thread 0x00007fba54341800 Exception <a 'java/lang/UnsupportedOperationException': > (0x00000000eeaa7d30) thrown at [/build/openjdk-8-rxFzfV/openjdk-8-8u191-b12/src/hotspot/src/share/vm/prims/jni.cpp, line 735]
Event: 18,976 Thread 0x00007fba54341800 Exception <a 'java/lang/UnsupportedOperationException': > (0x00000000eed60f70) thrown at [/build/openjdk-8-rxFzfV/openjdk-8-8u191-b12/src/hotspot/src/share/vm/prims/jni.cpp, line 735]
Event: 22,663 Thread 0x00007fba54341800 Exception <a 'java/lang/UnsupportedOperationException': > (0x00000000eef3dae0) thrown at [/build/openjdk-8-rxFzfV/openjdk-8-8u191-b12/src/hotspot/src/share/vm/prims/jni.cpp, line 735]
Event: 27,379 Thread 0x00007fba540d4800 Exception <a 'java/lang/ArrayIndexOutOfBoundsException': 71> (0x00000000ee304ca0) thrown at [/build/openjdk-8-rxFzfV/openjdk-8-8u191-b12/src/hotspot/src/share/vm/interpreter/interpreterRuntime.cpp, line 366]
Event: 27,381 Thread 0x00007fba540d4800 Exception <a 'java/lang/ArrayIndexOutOfBoundsException': 18> (0x00000000ee3059b8) thrown at [/build/openjdk-8-rxFzfV/openjdk-8-8u191-b12/src/hotspot/src/share/vm/interpreter/interpreterRuntime.cpp, line 366]
Event: 27,383 Thread 0x00007fba540d4800 Exception <a 'java/lang/ArrayIndexOutOfBoundsException': 60> (0x00000000ee306788) thrown at [/build/openjdk-8-rxFzfV/openjdk-8-8u191-b12/src/hotspot/src/share/vm/interpreter/interpreterRuntime.cpp, line 366]
Event: 27,402 Thread 0x00007fba540d4800 Exception <a 'java/lang/ArrayIndexOutOfBoundsException'> (0x00000000ee30f038) thrown at [/build/openjdk-8-rxFzfV/openjdk-8-8u191-b12/src/hotspot/src/share/vm/runtime/sharedRuntime.cpp, line 605]
Event: 27,403 Thread 0x00007fba540d4800 Exception <a 'java/lang/ArrayIndexOutOfBoundsException'> (0x00000000ee310c20) thrown at [/build/openjdk-8-rxFzfV/openjdk-8-8u191-b12/src/hotspot/src/share/vm/runtime/sharedRuntime.cpp, line 605]
Event: 27,553 Thread 0x00007fba54341800 Exception <a 'java/lang/UnsupportedOperationException': > (0x00000000ee392348) thrown at [/build/openjdk-8-rxFzfV/openjdk-8-8u191-b12/src/hotspot/src/share/vm/prims/jni.cpp, line 735]

Events (10 events):
Event: 27,428 loading class java/util/TreeMap$PrivateEntryIterator
Event: 27,432 loading class java/util/TreeMap$PrivateEntryIterator done
Event: 27,432 loading class java/util/TreeMap$KeyIterator done
Event: 27,452 loading class sun/management/GarbageCollectionNotifInfoCompositeData$1
Event: 27,452 loading class sun/management/GarbageCollectionNotifInfoCompositeData$1 done
Event: 61,409 Thread 0x00007fba54271000 Thread exited: 0x00007fba54271000
Event: 1646,828 loading class sun/awt/X11/XDestroyWindowEvent
Event: 1646,855 loading class sun/awt/X11/XDestroyWindowEvent done
Event: 1647,244 loading class sun/misc/Signal$1
Event: 1647,244 loading class sun/misc/Signal$1 done


Dynamic libraries:
ca800000-ccc00000 rw-p 00000000 00:00 0 
ccc00000-ee300000 ---p 00000000 00:00 0 
ee300000-ef500000 rw-p 00000000 00:00 0 
ef500000-100000000 ---p 00000000 00:00 0 
100000000-100200000 rw-p 00000000 00:00 0 
100200000-140000000 ---p 00000000 00:00 0 
5599e714c000-5599e714d000 r-xp 00000000 08:01 1448579                    /usr/lib/jvm/java-8-openjdk-amd64/jre/bin/java
5599e734c000-5599e734d000 r--p 00000000 08:01 1448579                    /usr/lib/jvm/java-8-openjdk-amd64/jre/bin/java
5599e734d000-5599e734e000 rw-p 00001000 08:01 1448579                    /usr/lib/jvm/java-8-openjdk-amd64/jre/bin/java
5599e7d5b000-5599e7eb3000 rw-p 00000000 00:00 0                          [heap]
7fba00000000-7fba00021000 rw-p 00000000 00:00 0 
7fba00021000-7fba04000000 ---p 00000000 00:00 0 
7fba064e4000-7fba064e7000 ---p 00000000 00:00 0 
7fba064e7000-7fba065e5000 rw-p 00000000 00:00 0 
7fba065e5000-7fba065e8000 ---p 00000000 00:00 0 
7fba065e8000-7fba068a6000 rw-p 00000000 00:00 0 
7fba068a6000-7fba068e6000 ---p 00000000 00:00 0 
7fba068e6000-7fba068e9000 ---p 00000000 00:00 0 
7fba068e9000-7fba06be7000 rw-p 00000000 00:00 0 
7fba06be7000-7fba06be8000 ---p 00000000 00:00 0 
7fba06be8000-7fba06beb000 ---p 00000000 00:00 0 
7fba06beb000-7fba073e8000 rw-p 00000000 00:00 0 
7fba073e8000-7fba073f3000 r--s 00000000 08:01 1710492                    /var/cache/fontconfig/945677eb7aeaf62f1d50efc3fb3ec7d8-le64.cache-7
7fba073f8000-7fba073fd000 r--s 00000000 08:01 1711101                    /var/cache/fontconfig/2300eef321c393bfd76478a5c0e95b23-le64.cache-7
7fba07400000-7fba07401000 r--s 00000000 08:01 1711100                    /var/cache/fontconfig/0d8c3b2ac0904cb8a57a757ad11a4a08-le64.cache-7
7fba07408000-7fba0741d000 r--s 00000000 08:01 1711097                    /var/cache/fontconfig/04aabc0a78ac019cf9454389977116d2-le64.cache-7
7fba07420000-7fba07421000 r--s 00000000 08:01 1711096                    /var/cache/fontconfig/1ac9eb803944fde146138c791f5cc56a-le64.cache-7
7fba07428000-7fba0742c000 r--s 00000000 08:01 1711093                    /var/cache/fontconfig/385c0604a188198f04d133e54aba7fe7-le64.cache-7
7fba07430000-7fba07432000 r--s 00000000 08:01 1711091                    /var/cache/fontconfig/14a5e22175779b556eaa434240950366-le64.cache-7
7fba074b6000-7fba074b9000 ---p 00000000 00:00 0 
7fba074b9000-7fba075b7000 rw-p 00000000 00:00 0 
7fba075b7000-7fba075ba000 ---p 00000000 00:00 0 
7fba075ba000-7fba078b8000 rw-p 00000000 00:00 0 
7fba078b8000-7fba078c1000 r-xp 00000000 08:01 1449645                    /usr/lib/jvm/java-8-openjdk-amd64/jre/lib/amd64/libmanagement.so
7fba078c1000-7fba07ac0000 ---p 00009000 08:01 1449645                    /usr/lib/jvm/java-8-openjdk-amd64/jre/lib/amd64/libmanagement.so
7fba07ac0000-7fba07ac1000 r--p 00008000 08:01 1449645                    /usr/lib/jvm/java-8-openjdk-amd64/jre/lib/amd64/libmanagement.so
7fba07ac1000-7fba07ac2000 rw-p 00009000 08:01 1449645                    /usr/lib/jvm/java-8-openjdk-amd64/jre/lib/amd64/libmanagement.so
7fba07ac8000-7fba07adc000 r-xp 00000000 08:01 11010273                   /lib/x86_64-linux-gnu/libgpg-error.so.0.22.0
7fba07adc000-7fba07cdb000 ---p 00014000 08:01 11010273                   /lib/x86_64-linux-gnu/libgpg-error.so.0.22.0
7fba07cdb000-7fba07cdc000 r--p 00013000 08:01 11010273                   /lib/x86_64-linux-gnu/libgpg-error.so.0.22.0
7fba07cdc000-7fba07cdd000 rw-p 00014000 08:01 11010273                   /lib/x86_64-linux-gnu/libgpg-error.so.0.22.0
7fba07ce0000-7fba07df4000 r-xp 00000000 08:01 11011619                   /lib/x86_64-linux-gnu/libgcrypt.so.20.2.1
7fba07df4000-7fba07ff3000 ---p 00114000 08:01 11011619                   /lib/x86_64-linux-gnu/libgcrypt.so.20.2.1
7fba07ff3000-7fba07ff5000 r--p 00113000 08:01 11011619                   /lib/x86_64-linux-gnu/libgcrypt.so.20.2.1
7fba07ff5000-7fba07ffa000 rw-p 00115000 08:01 11011619                   /lib/x86_64-linux-gnu/libgcrypt.so.20.2.1
7fba07ffa000-7fba07ffb000 rw-p 00000000 00:00 0 
7fba08000000-7fba08021000 rw-p 00000000 00:00 0 
7fba08021000-7fba0c000000 ---p 00000000 00:00 0 
7fba0c000000-7fba0c021000 rw-p 00000000 00:00 0 
7fba0c021000-7fba10000000 ---p 00000000 00:00 0 
7fba10000000-7fba10021000 rw-p 00000000 00:00 0 
7fba10021000-7fba14000000 ---p 00000000 00:00 0 
7fba14000000-7fba14021000 rw-p 00000000 00:00 0 
7fba14021000-7fba18000000 ---p 00000000 00:00 0 
7fba18000000-7fba18001000 r--s 00000000 08:01 1711092                    /var/cache/fontconfig/dc05db6664285cc2f12bf69c139ae4c3-le64.cache-7
7fba18008000-7fba18009000 r--s 00000000 08:01 1711090                    /var/cache/fontconfig/660208299946a285a940457d1287da33-le64.cache-7
7fba18010000-7fba18012000 r--s 00000000 08:01 1711089                    /var/cache/fontconfig/4f3e3037c9980c83b53a9351efadef62-le64.cache-7
7fba18018000-7fba1801a000 r--s 00000000 08:01 1711088                    /var/cache/fontconfig/767a8244fc0220cfb567a839d0392e0b-le64.cache-7
7fba18020000-7fba18021000 r--s 00000000 08:01 1706438                    /var/cache/fontconfig/4794a0821666d79190d59a36cb4f44b5-le64.cache-7
7fba18028000-7fba1802a000 r--s 00000000 08:01 1706436                    /var/cache/fontconfig/0bd3dc0958fa2205aaaa8ebb13e2872b-le64.cache-7
7fba18030000-7fba18037000 r--s 00000000 08:01 1711082                    /var/cache/fontconfig/8801497958630a81b71ace7c5f9b32a8-le64.cache-7
7fba18038000-7fba1803d000 r--s 00000000 08:01 1711081                    /var/cache/fontconfig/def309198bfa603429122923fa2bb2d4-le64.cache-7
7fba18040000-7fba18041000 r--s 00000000 08:01 1710605                    /var/cache/fontconfig/b872e6e592da6075ffa4ab0a1fcc0c75-le64.cache-7
7fba18048000-7fba18049000 r--s 00000000 08:01 1710604                    /var/cache/fontconfig/f6d4eedfaab2589bde49f7a3ff831d22-le64.cache-7
7fba18050000-7fba18051000 r--s 00000000 08:01 1710601                    /var/cache/fontconfig/589f83ef4c36d296ce6e1c846f468f08-le64.cache-7
7fba18058000-7fba18059000 r--s 00000000 08:01 1710594                    /var/cache/fontconfig/bab58bb527bb656aaa9f116d68a48d89-le64.cache-7
7fba18060000-7fba18061000 r--s 00000000 08:01 1710593                    /var/cache/fontconfig/2171a34dccabdb6bcbbc728186263178-le64.cache-7
7fba18068000-7fba18069000 r--s 00000000 08:01 1710592                    /var/cache/fontconfig/c5c45a61289222e0d30b1a26ef4effbe-le64.cache-7
7fba18070000-7fba18071000 r--s 00000000 08:01 1710591                    /var/cache/fontconfig/aec30016f93e1b46d1a973dce0d74068-le64.cache-7
7fba18078000-7fba18079000 r--s 00000000 08:01 1710574                    /var/cache/fontconfig/3f589640d34b7dc9042c8d453f7c8b9c-le64.cache-7
7fba18080000-7fba18081000 r--s 00000000 08:01 1710557                    /var/cache/fontconfig/16c2fda60d1b4b719f4b3d06fd951d25-le64.cache-7
7fba18088000-7fba18089000 r--s 00000000 08:01 1710553                    /var/cache/fontconfig/a48eab177a16e4f3713381162db2f3e9-le64.cache-7
7fba18090000-7fba18091000 r--s 00000000 08:01 1710539                    /var/cache/fontconfig/564b2e68ac9bc4e36a6f7f6d6125ec1c-le64.cache-7
7fba18098000-7fba1809d000 r--s 00000000 08:01 1710515                    /var/cache/fontconfig/9d2451b1fd30e5bffe8383fd27c35478-le64.cache-7
7fba180a0000-7fba180a6000 r--s 00000000 08:01 1711264                    /var/cache/fontconfig/3047814df9a2f067bd2d96a2b9c36e5a-le64.cache-7
7fba180a8000-7fba180b0000 r--s 00000000 08:01 1710514                    /var/cache/fontconfig/bf3b770c553c462765856025a94f1ce6-le64.cache-7
7fba180b0000-7fba180b1000 r--s 00000000 08:01 1710502                    /var/cache/fontconfig/56cf4f4769d0f4abc89a4895d7bd3ae1-le64.cache-7
7fba180b8000-7fba180b9000 r--s 00000000 08:01 1710501                    /var/cache/fontconfig/b9d506c9ac06c20b433354fa67a72993-le64.cache-7
7fba180c0000-7fba180c6000 r--s 00000000 08:01 1710500                    /var/cache/fontconfig/b47c4e1ecd0709278f4910c18777a504-le64.cache-7
7fba180c8000-7fba180db000 r--s 00000000 08:01 1710499                    /var/cache/fontconfig/d52a8644073d54c13679302ca1180695-le64.cache-7
7fba180e0000-7fba180e1000 r--s 00000000 08:01 1710498                    /var/cache/fontconfig/370e5b74bf5dafc30834de68e24a87a4-le64.cache-7
7fba180e8000-7fba180e9000 r--s 00000000 08:01 1710497                    /var/cache/fontconfig/6b2c5944714ca7831b25bed9e85cb5c8-le64.cache-7
7fba180f0000-7fba180f1000 r--s 00000000 08:01 1710496                    /var/cache/fontconfig/d5178ab6d91b49bf20a416737dcea9e8-le64.cache-7
7fba180f8000-7fba180f9000 r--s 00000000 08:01 1710495                    /var/cache/fontconfig/551ecf3b0e8b0bca0f25c0944f561853-le64.cache-7
7fba18100000-7fba18103000 r--s 00000000 08:01 1710494                    /var/cache/fontconfig/f259c2cffa685e28062317905db73c4a-le64.cache-7
7fba18108000-7fba1810a000 r--s 00000000 08:01 1710490                    /var/cache/fontconfig/550f3886151c940c12a5ed35f6a00586-le64.cache-7
7fba18110000-7fba18113000 r--s 00000000 08:01 1710489                    /var/cache/fontconfig/674d1711f2d1d2a09646eb0bdcadee49-le64.cache-7
7fba18118000-7fba18119000 r--s 00000000 08:01 1710488                    /var/cache/fontconfig/3f7329c5293ffd510edef78f73874cfd-le64.cache-7
7fba18120000-7fba1812c000 r--s 00000000 08:01 1707260                    /var/cache/fontconfig/d589a48862398ed80a3d6066f4f56f4c-le64.cache-7
7fba18130000-7fba18131000 r--s 00000000 08:01 1710485                    /var/cache/fontconfig/30829fa25452a46451e813d634d7f916-le64.cache-7
7fba18138000-7fba18139000 r--s 00000000 08:01 1710466                    /var/cache/fontconfig/0c9eb80ebd1c36541ebe2852d3bb0c49-le64.cache-7
7fba18140000-7fba18141000 r--s 00000000 08:01 1710458                    /var/cache/fontconfig/22368d551a680bfe5a62c02760edf4ea-le64.cache-7
7fba18148000-7fba18149000 r--s 00000000 08:01 1710452                    /var/cache/fontconfig/4d9c95eba1cb85bbcf2878543262124a-le64.cache-7
7fba18150000-7fba18151000 r--s 00000000 08:01 1710451                    /var/cache/fontconfig/85e0a52ce643a7ba2ae53e5d6949cead-le64.cache-7
7fba18158000-7fba18159000 r--s 00000000 08:01 1710431                    /var/cache/fontconfig/49f0de54bdd920fe4f0dfd4cbac43e6b-le64.cache-7
7fba18160000-7fba18161000 r--s 00000000 08:01 1710427                    /var/cache/fontconfig/f6e6e0a5c3d2f6ae0c0c2e0ecd42a997-le64.cache-7
7fba18168000-7fba18183000 r-xp 00000000 08:01 397750                     /usr/lib/x86_64-linux-gnu/liblz4.so.1.7.1
7fba18183000-7fba18382000 ---p 0001b000 08:01 397750                     /usr/lib/x86_64-linux-gnu/liblz4.so.1.7.1
7fba18382000-7fba18383000 r--p 0001a000 08:01 397750                     /usr/lib/x86_64-linux-gnu/liblz4.so.1.7.1
7fba18383000-7fba18384000 rw-p 0001b000 08:01 397750                     /usr/lib/x86_64-linux-gnu/liblz4.so.1.7.1
7fba18388000-7fba183ac000 r-xp 00000000 08:01 11014679                   /lib/x86_64-linux-gnu/liblzma.so.5.2.2
7fba183ac000-7fba185ac000 ---p 00024000 08:01 11014679                   /lib/x86_64-linux-gnu/liblzma.so.5.2.2
7fba185ac000-7fba185ad000 r--p 00024000 08:01 11014679                   /lib/x86_64-linux-gnu/liblzma.so.5.2.2
7fba185ad000-7fba185ae000 rw-p 00025000 08:01 11014679                   /lib/x86_64-linux-gnu/liblzma.so.5.2.2
7fba185b0000-7fba18630000 r-xp 00000000 08:01 11011631                   /lib/x86_64-linux-gnu/libsystemd.so.0.21.0
7fba18630000-7fba1882f000 ---p 00080000 08:01 11011631                   /lib/x86_64-linux-gnu/libsystemd.so.0.21.0
7fba1882f000-7fba18832000 r--p 0007f000 08:01 11011631                   /lib/x86_64-linux-gnu/libsystemd.so.0.21.0
7fba18832000-7fba18833000 rw-p 00082000 08:01 11011631                   /lib/x86_64-linux-gnu/libsystemd.so.0.21.0
7fba18833000-7fba18834000 rw-p 00000000 00:00 0 
7fba18838000-7fba188a8000 r-xp 00000000 08:01 11014663                   /lib/x86_64-linux-gnu/libpcre.so.3.13.3
7fba188a8000-7fba18aa8000 ---p 00070000 08:01 11014663                   /lib/x86_64-linux-gnu/libpcre.so.3.13.3
7fba18aa8000-7fba18aa9000 r--p 00070000 08:01 11014663                   /lib/x86_64-linux-gnu/libpcre.so.3.13.3
7fba18aa9000-7fba18aaa000 rw-p 00071000 08:01 11014663                   /lib/x86_64-linux-gnu/libpcre.so.3.13.3
7fba18ab0000-7fba18ab7000 r-xp 00000000 08:01 393451                     /usr/lib/x86_64-linux-gnu/libffi.so.6.0.4
7fba18ab7000-7fba18cb6000 ---p 00007000 08:01 393451                     /usr/lib/x86_64-linux-gnu/libffi.so.6.0.4
7fba18cb6000-7fba18cb7000 r--p 00006000 08:01 393451                     /usr/lib/x86_64-linux-gnu/libffi.so.6.0.4
7fba18cb7000-7fba18cb8000 rw-p 00007000 08:01 393451                     /usr/lib/x86_64-linux-gnu/libffi.so.6.0.4
7fba18cb8000-7fba18ce4000 r-xp 00000000 08:01 393528                     /usr/lib/x86_64-linux-gnu/libatspi.so.0.0.1
7fba18ce4000-7fba18ee4000 ---p 0002c000 08:01 393528                     /usr/lib/x86_64-linux-gnu/libatspi.so.0.0.1
7fba18ee4000-7fba18ee7000 r--p 0002c000 08:01 393528                     /usr/lib/x86_64-linux-gnu/libatspi.so.0.0.1
7fba18ee7000-7fba18ee8000 rw-p 0002f000 08:01 393528                     /usr/lib/x86_64-linux-gnu/libatspi.so.0.0.1
7fba18ee8000-7fba18f33000 r-xp 00000000 08:01 11014654                   /lib/x86_64-linux-gnu/libdbus-1.so.3.19.4
7fba18f33000-7fba19133000 ---p 0004b000 08:01 11014654                   /lib/x86_64-linux-gnu/libdbus-1.so.3.19.4
7fba19133000-7fba19134000 r--p 0004b000 08:01 11014654                   /lib/x86_64-linux-gnu/libdbus-1.so.3.19.4
7fba19134000-7fba19135000 rw-p 0004c000 08:01 11014654                   /lib/x86_64-linux-gnu/libdbus-1.so.3.19.4
7fba19138000-7fba1924b000 r-xp 00000000 08:01 398344                     /usr/lib/x86_64-linux-gnu/libglib-2.0.so.0.5600.3
7fba1924b000-7fba1944b000 ---p 00113000 08:01 398344                     /usr/lib/x86_64-linux-gnu/libglib-2.0.so.0.5600.3
7fba1944b000-7fba1944c000 r--p 00113000 08:01 398344                     /usr/lib/x86_64-linux-gnu/libglib-2.0.so.0.5600.3
7fba1944c000-7fba1944d000 rw-p 00114000 08:01 398344                     /usr/lib/x86_64-linux-gnu/libglib-2.0.so.0.5600.3
7fba1944d000-7fba1944e000 rw-p 00000000 00:00 0 
7fba19450000-7fba194a2000 r-xp 00000000 08:01 399037                     /usr/lib/x86_64-linux-gnu/libgobject-2.0.so.0.5600.3
7fba194a2000-7fba196a2000 ---p 00052000 08:01 399037                     /usr/lib/x86_64-linux-gnu/libgobject-2.0.so.0.5600.3
7fba196a2000-7fba196a3000 r--p 00052000 08:01 399037                     /usr/lib/x86_64-linux-gnu/libgobject-2.0.so.0.5600.3
7fba196a3000-7fba196a4000 rw-p 00053000 08:01 399037                     /usr/lib/x86_64-linux-gnu/libgobject-2.0.so.0.5600.3
7fba196a8000-7fba196d6000 r-xp 00000000 08:01 394358                     /usr/lib/x86_64-linux-gnu/libatk-bridge-2.0.so.0.0.0
7fba196d6000-7fba198d6000 ---p 0002e000 08:01 394358                     /usr/lib/x86_64-linux-gnu/libatk-bridge-2.0.so.0.0.0
7fba198d6000-7fba198d7000 r--p 0002e000 08:01 394358                     /usr/lib/x86_64-linux-gnu/libatk-bridge-2.0.so.0.0.0
7fba198d7000-7fba198d8000 rw-p 0002f000 08:01 394358                     /usr/lib/x86_64-linux-gnu/libatk-bridge-2.0.so.0.0.0
7fba198d8000-7fba198d9000 rw-p 00000000 00:00 0 
7fba198e0000-7fba19902000 r-xp 00000000 08:01 394625                     /usr/lib/x86_64-linux-gnu/libatk-1.0.so.0.22810.1
7fba19902000-7fba19b02000 ---p 00022000 08:01 394625                     /usr/lib/x86_64-linux-gnu/libatk-1.0.so.0.22810.1
7fba19b02000-7fba19b05000 r--p 00022000 08:01 394625                     /usr/lib/x86_64-linux-gnu/libatk-1.0.so.0.22810.1
7fba19b05000-7fba19b06000 rw-p 00025000 08:01 394625                     /usr/lib/x86_64-linux-gnu/libatk-1.0.so.0.22810.1
7fba19b08000-7fba19b09000 r--s 00000000 08:01 1710425                    /var/cache/fontconfig/4b2eda6bb976bda485cb2176619421d5-le64.cache-7
7fba19b10000-7fba19b1e000 r--s 00000000 08:01 1710421                    /var/cache/fontconfig/9b89f8e3dae116d678bbf48e5f21f69b-le64.cache-7
7fba19b20000-7fba19b37000 r-xp 00000000 08:01 1445439                    /usr/lib/x86_64-linux-gnu/jni/libatk-wrapper.so.6.0.0
7fba19b37000-7fba19d37000 ---p 00017000 08:01 1445439                    /usr/lib/x86_64-linux-gnu/jni/libatk-wrapper.so.6.0.0
7fba19d37000-7fba19d38000 r--p 00017000 08:01 1445439                    /usr/lib/x86_64-linux-gnu/jni/libatk-wrapper.so.6.0.0
7fba19d38000-7fba19d39000 rw-p 00018000 08:01 1445439                    /usr/lib/x86_64-linux-gnu/jni/libatk-wrapper.so.6.0.0
7fba19d3f000-7fba19d70000 rw-p 00000000 00:00 0 
7fba19d70000-7fba19d87000 r-xp 00000000 08:01 1449842                    /usr/lib/jvm/java-8-openjdk-amd64/jre/lib/amd64/libnet.so
7fba19d87000-7fba19f86000 ---p 00017000 08:01 1449842                    /usr/lib/jvm/java-8-openjdk-amd64/jre/lib/amd64/libnet.so
7fba19f86000-7fba19f87000 r--p 00016000 08:01 1449842                    /usr/lib/jvm/java-8-openjdk-amd64/jre/lib/amd64/libnet.so
7fba19f87000-7fba19f88000 rw-p 00017000 08:01 1449842                    /usr/lib/jvm/java-8-openjdk-amd64/jre/lib/amd64/libnet.so
7fba19f88000-7fba19f9a000 r-xp 00000000 08:01 1449846                    /usr/lib/jvm/java-8-openjdk-amd64/jre/lib/amd64/libnio.so
7fba19f9a000-7fba1a199000 ---p 00012000 08:01 1449846                    /usr/lib/jvm/java-8-openjdk-amd64/jre/lib/amd64/libnio.so
7fba1a199000-7fba1a19a000 r--p 00011000 08:01 1449846                    /usr/lib/jvm/java-8-openjdk-amd64/jre/lib/amd64/libnio.so
7fba1a19a000-7fba1a19b000 rw-p 00012000 08:01 1449846                    /usr/lib/jvm/java-8-openjdk-amd64/jre/lib/amd64/libnio.so
7fba1a19e000-7fba1a1a1000 ---p 00000000 00:00 0 
7fba1a1a1000-7fba1a1d7000 rw-p 00000000 00:00 0 
7fba1a1d7000-7fba1a1da000 ---p 00000000 00:00 0 
7fba1a1da000-7fba1a2d8000 rw-p 00000000 00:00 0 
7fba1a2d8000-7fba1a2dd000 r-xp 00000000 08:01 401216                     /usr/lib/x86_64-linux-gnu/libXfixes.so.3.1.0
7fba1a2dd000-7fba1a4dc000 ---p 00005000 08:01 401216                     /usr/lib/x86_64-linux-gnu/libXfixes.so.3.1.0
7fba1a4dc000-7fba1a4dd000 r--p 00004000 08:01 401216                     /usr/lib/x86_64-linux-gnu/libXfixes.so.3.1.0
7fba1a4dd000-7fba1a4de000 rw-p 00005000 08:01 401216                     /usr/lib/x86_64-linux-gnu/libXfixes.so.3.1.0
7fba1a4e0000-7fba1a4e9000 r-xp 00000000 08:01 395366                     /usr/lib/x86_64-linux-gnu/libXcursor.so.1.0.2
7fba1a4e9000-7fba1a6e8000 ---p 00009000 08:01 395366                     /usr/lib/x86_64-linux-gnu/libXcursor.so.1.0.2
7fba1a6e8000-7fba1a6e9000 r--p 00008000 08:01 395366                     /usr/lib/x86_64-linux-gnu/libXcursor.so.1.0.2
7fba1a6e9000-7fba1a6ea000 rw-p 00009000 08:01 395366                     /usr/lib/x86_64-linux-gnu/libXcursor.so.1.0.2
7fba1a6f0000-7fba1a6f2000 r--s 00000000 08:01 1706730                    /var/cache/fontconfig/6afa1bb216ce958c1589e297e8008489-le64.cache-7
7fba1a6f8000-7fba1a706000 r--s 00000000 08:01 1707213                    /var/cache/fontconfig/e13b20fdb08344e0e664864cc2ede53d-le64.cache-7
7fba1a708000-7fba1a739000 r-xp 00000000 08:01 393839                     /usr/lib/x86_64-linux-gnu/libpng16.so.16.34.0
7fba1a739000-7fba1a938000 ---p 00031000 08:01 393839                     /usr/lib/x86_64-linux-gnu/libpng16.so.16.34.0
7fba1a938000-7fba1a939000 r--p 00030000 08:01 393839                     /usr/lib/x86_64-linux-gnu/libpng16.so.16.34.0
7fba1a939000-7fba1a93a000 rw-p 00031000 08:01 393839                     /usr/lib/x86_64-linux-gnu/libpng16.so.16.34.0
7fba1a940000-7fba1a9ed000 r-xp 00000000 08:01 393864                     /usr/lib/x86_64-linux-gnu/libfreetype.so.6.15.0
7fba1a9ed000-7fba1abec000 ---p 000ad000 08:01 393864                     /usr/lib/x86_64-linux-gnu/libfreetype.so.6.15.0
7fba1abec000-7fba1abf3000 r--p 000ac000 08:01 393864                     /usr/lib/x86_64-linux-gnu/libfreetype.so.6.15.0
7fba1abf3000-7fba1abf4000 rw-p 000b3000 08:01 393864                     /usr/lib/x86_64-linux-gnu/libfreetype.so.6.15.0
7fba1abf8000-7fba1ac49000 r-xp 00000000 08:01 1449548                    /usr/lib/jvm/java-8-openjdk-amd64/jre/lib/amd64/libfontmanager.so
7fba1ac49000-7fba1ae49000 ---p 00051000 08:01 1449548                    /usr/lib/jvm/java-8-openjdk-amd64/jre/lib/amd64/libfontmanager.so
7fba1ae49000-7fba1ae4b000 r--p 00051000 08:01 1449548                    /usr/lib/jvm/java-8-openjdk-amd64/jre/lib/amd64/libfontmanager.so
7fba1ae4b000-7fba1ae4c000 rw-p 00053000 08:01 1449548                    /usr/lib/jvm/java-8-openjdk-amd64/jre/lib/amd64/libfontmanager.so
7fba1ae50000-7fba1ae63000 r-xp 00000000 08:01 11010066                   /lib/x86_64-linux-gnu/libbsd.so.0.8.7
7fba1ae63000-7fba1b062000 ---p 00013000 08:01 11010066                   /lib/x86_64-linux-gnu/libbsd.so.0.8.7
7fba1b062000-7fba1b063000 r--p 00012000 08:01 11010066                   /lib/x86_64-linux-gnu/libbsd.so.0.8.7
7fba1b063000-7fba1b064000 rw-p 00013000 08:01 11010066                   /lib/x86_64-linux-gnu/libbsd.so.0.8.7
7fba1b064000-7fba1b065000 rw-p 00000000 00:00 0 
7fba1b068000-7fba1b06d000 r-xp 00000000 08:01 401212                     /usr/lib/x86_64-linux-gnu/libXdmcp.so.6.0.0
7fba1b06d000-7fba1b26c000 ---p 00005000 08:01 401212                     /usr/lib/x86_64-linux-gnu/libXdmcp.so.6.0.0
7fba1b26c000-7fba1b26d000 r--p 00004000 08:01 401212                     /usr/lib/x86_64-linux-gnu/libXdmcp.so.6.0.0
7fba1b26d000-7fba1b26e000 rw-p 00005000 08:01 401212                     /usr/lib/x86_64-linux-gnu/libXdmcp.so.6.0.0
7fba1b270000-7fba1b272000 r-xp 00000000 08:01 401201                     /usr/lib/x86_64-linux-gnu/libXau.so.6.0.0
7fba1b272000-7fba1b472000 ---p 00002000 08:01 401201                     /usr/lib/x86_64-linux-gnu/libXau.so.6.0.0
7fba1b472000-7fba1b473000 r--p 00002000 08:01 401201                     /usr/lib/x86_64-linux-gnu/libXau.so.6.0.0
7fba1b473000-7fba1b474000 rw-p 00003000 08:01 401201                     /usr/lib/x86_64-linux-gnu/libXau.so.6.0.0
7fba1b478000-7fba1b49e000 r-xp 00000000 08:01 393901                     /usr/lib/x86_64-linux-gnu/libxcb.so.1.1.0
7fba1b49e000-7fba1b69e000 ---p 00026000 08:01 393901                     /usr/lib/x86_64-linux-gnu/libxcb.so.1.1.0
7fba1b69e000-7fba1b69f000 r--p 00026000 08:01 393901                     /usr/lib/x86_64-linux-gnu/libxcb.so.1.1.0
7fba1b69f000-7fba1b6a0000 rw-p 00027000 08:01 393901                     /usr/lib/x86_64-linux-gnu/libxcb.so.1.1.0
7fba1b6a0000-7fba1b6af000 r-xp 00000000 08:01 401224                     /usr/lib/x86_64-linux-gnu/libXi.so.6.1.0
7fba1b6af000-7fba1b8ae000 ---p 0000f000 08:01 401224                     /usr/lib/x86_64-linux-gnu/libXi.so.6.1.0
7fba1b8ae000-7fba1b8af000 r--p 0000e000 08:01 401224                     /usr/lib/x86_64-linux-gnu/libXi.so.6.1.0
7fba1b8af000-7fba1b8b0000 rw-p 0000f000 08:01 401224                     /usr/lib/x86_64-linux-gnu/libXi.so.6.1.0
7fba1b8b0000-7fba1b8b5000 r-xp 00000000 08:01 401242                     /usr/lib/x86_64-linux-gnu/libXtst.so.6.1.0
7fba1b8b5000-7fba1bab4000 ---p 00005000 08:01 401242                     /usr/lib/x86_64-linux-gnu/libXtst.so.6.1.0
7fba1bab4000-7fba1bab5000 r--p 00004000 08:01 401242                     /usr/lib/x86_64-linux-gnu/libXtst.so.6.1.0
7fba1bab5000-7fba1bab6000 rw-p 00005000 08:01 401242                     /usr/lib/x86_64-linux-gnu/libXtst.so.6.1.0
7fba1bab8000-7fba1bac1000 r-xp 00000000 08:01 401236                     /usr/lib/x86_64-linux-gnu/libXrender.so.1.3.0
7fba1bac1000-7fba1bcc0000 ---p 00009000 08:01 401236                     /usr/lib/x86_64-linux-gnu/libXrender.so.1.3.0
7fba1bcc0000-7fba1bcc1000 r--p 00008000 08:01 401236                     /usr/lib/x86_64-linux-gnu/libXrender.so.1.3.0
7fba1bcc1000-7fba1bcc2000 rw-p 00009000 08:01 401236                     /usr/lib/x86_64-linux-gnu/libXrender.so.1.3.0
7fba1bcc8000-7fba1bdfb000 r-xp 00000000 08:01 394250                     /usr/lib/x86_64-linux-gnu/libX11.so.6.3.0
7fba1bdfb000-7fba1bffb000 ---p 00133000 08:01 394250                     /usr/lib/x86_64-linux-gnu/libX11.so.6.3.0
7fba1bffb000-7fba1bffc000 r--p 00133000 08:01 394250                     /usr/lib/x86_64-linux-gnu/libX11.so.6.3.0
7fba1bffc000-7fba1c000000 rw-p 00134000 08:01 394250                     /usr/lib/x86_64-linux-gnu/libX11.so.6.3.0
7fba1c000000-7fba1c7d5000 rw-p 00000000 00:00 0 
7fba1c7d5000-7fba20000000 ---p 00000000 00:00 0 
7fba20000000-7fba20021000 rw-p 00000000 00:00 0 
7fba20021000-7fba24000000 ---p 00000000 00:00 0 
7fba24000000-7fba24021000 rw-p 00000000 00:00 0 
7fba24021000-7fba28000000 ---p 00000000 00:00 0 
7fba28000000-7fba28271000 rw-p 00000000 00:00 0 
7fba28271000-7fba2c000000 ---p 00000000 00:00 0 
7fba2c000000-7fba2c021000 rw-p 00000000 00:00 0 
7fba2c021000-7fba30000000 ---p 00000000 00:00 0 
7fba30000000-7fba30021000 rw-p 00000000 00:00 0 
7fba30021000-7fba34000000 ---p 00000000 00:00 0 
7fba34000000-7fba34021000 rw-p 00000000 00:00 0 
7fba34021000-7fba38000000 ---p 00000000 00:00 0 
7fba38000000-7fba38021000 rw-p 00000000 00:00 0 
7fba38021000-7fba3c000000 ---p 00000000 00:00 0 
7fba3c000000-7fba3c021000 rw-p 00000000 00:00 0 
7fba3c021000-7fba40000000 ---p 00000000 00:00 0 
7fba40005000-7fba40008000 ---p 00000000 00:00 0 
7fba40008000-7fba40106000 rw-p 00000000 00:00 0 
7fba40106000-7fba40119000 r--s 00346000 08:01 1449896                    /usr/lib/jvm/java-8-openjdk-amd64/jre/lib/resources.jar
7fba40120000-7fba40144000 r--p 00000000 08:01 2097798                    /usr/share/locale-langpack/es/LC_MESSAGES/libc.mo
7fba40148000-7fba40159000 r-xp 00000000 08:01 401214                     /usr/lib/x86_64-linux-gnu/libXext.so.6.4.0
7fba40159000-7fba40358000 ---p 00011000 08:01 401214                     /usr/lib/x86_64-linux-gnu/libXext.so.6.4.0
7fba40358000-7fba40359000 r--p 00010000 08:01 401214                     /usr/lib/x86_64-linux-gnu/libXext.so.6.4.0
7fba40359000-7fba4035a000 rw-p 00011000 08:01 401214                     /usr/lib/x86_64-linux-gnu/libXext.so.6.4.0
7fba40360000-7fba40364000 r--s 00000000 08:01 1710423                    /var/cache/fontconfig/7ef2298fde41cc6eeb7af42e48b7d293-le64.cache-7
7fba40368000-7fba4036b000 r--p 00000000 08:01 2097552                    /usr/share/locale-langpack/es/LC_MESSAGES/atk10.mo
7fba40370000-7fba40377000 r--s 00000000 08:01 660242                     /usr/lib/x86_64-linux-gnu/gconv/gconv-modules.cache
7fba40378000-7fba403cc000 r-xp 00000000 08:01 1448596                    /usr/lib/jvm/java-8-openjdk-amd64/jre/lib/amd64/libawt_xawt.so
7fba403cc000-7fba405cb000 ---p 00054000 08:01 1448596                    /usr/lib/jvm/java-8-openjdk-amd64/jre/lib/amd64/libawt_xawt.so
7fba405cb000-7fba405cc000 r--p 00053000 08:01 1448596                    /usr/lib/jvm/java-8-openjdk-amd64/jre/lib/amd64/libawt_xawt.so
7fba405cc000-7fba405cf000 rw-p 00054000 08:01 1448596                    /usr/lib/jvm/java-8-openjdk-amd64/jre/lib/amd64/libawt_xawt.so
7fba405cf000-7fba405d0000 rw-p 00000000 00:00 0 
7fba405d0000-7fba40670000 r-xp 00000000 08:01 1448594                    /usr/lib/jvm/java-8-openjdk-amd64/jre/lib/amd64/libawt.so
7fba40670000-7fba4086f000 ---p 000a0000 08:01 1448594                    /usr/lib/jvm/java-8-openjdk-amd64/jre/lib/amd64/libawt.so
7fba4086f000-7fba40870000 r--p 0009f000 08:01 1448594                    /usr/lib/jvm/java-8-openjdk-amd64/jre/lib/amd64/libawt.so
7fba40870000-7fba4087b000 rw-p 000a0000 08:01 1448594                    /usr/lib/jvm/java-8-openjdk-amd64/jre/lib/amd64/libawt.so
7fba4087b000-7fba408a0000 rw-p 00000000 00:00 0 
7fba408a1000-7fba408a6000 r--s 002f9000 08:01 1449863                    /usr/lib/jvm/java-8-openjdk-amd64/jre/lib/charsets.jar
7fba408a7000-7fba408aa000 r--s 0000f000 08:01 1449873                    /usr/lib/jvm/java-8-openjdk-amd64/jre/lib/ext/icedtea-sound.jar
7fba408b0000-7fba408b3000 r--s 00038000 08:01 1449879                    /usr/lib/jvm/java-8-openjdk-amd64/jre/lib/ext/sunpkcs11.jar
7fba408b6000-7fba408c0000 r--s 00116000 08:01 1449875                    /usr/lib/jvm/java-8-openjdk-amd64/jre/lib/ext/localedata.jar
7fba408c6000-7fba408e1000 r--s 001d6000 08:01 1449876                    /usr/lib/jvm/java-8-openjdk-amd64/jre/lib/ext/nashorn.jar
7fba408e4000-7fba408ff000 r--s 00394000 08:01 1449871                    /usr/lib/jvm/java-8-openjdk-amd64/jre/lib/ext/cldrdata.jar
7fba40903000-7fba40904000 ---p 00000000 00:00 0 
7fba40904000-7fba40a04000 rw-p 00000000 00:00 0 
7fba40a04000-7fba40a07000 ---p 00000000 00:00 0 
7fba40a07000-7fba40b05000 rw-p 00000000 00:00 0 
7fba40b05000-7fba40b06000 ---p 00000000 00:00 0 
7fba40b06000-7fba40b09000 ---p 00000000 00:00 0 
7fba40b09000-7fba40c06000 rw-p 00000000 00:00 0 
7fba40c06000-7fba40c07000 ---p 00000000 00:00 0 
7fba40c07000-7fba40c0a000 ---p 00000000 00:00 0 
7fba40c0a000-7fba40d07000 rw-p 00000000 00:00 0 
7fba40d07000-7fba40d0a000 ---p 00000000 00:00 0 
7fba40d0a000-7fba40e08000 rw-p 00000000 00:00 0 
7fba40e08000-7fba4135c000 r--p 00000000 08:01 394660                     /usr/lib/locale/locale-archive
7fba4135c000-7fba4135f000 ---p 00000000 00:00 0 
7fba4135f000-7fba4145d000 rw-p 00000000 00:00 0 
7fba4145d000-7fba41460000 ---p 00000000 00:00 0 
7fba41460000-7fba4155e000 rw-p 00000000 00:00 0 
7fba4155e000-7fba4155f000 ---p 00000000 00:00 0 
7fba4155f000-7fba41fcb000 rw-p 00000000 00:00 0 
7fba41fcb000-7fba4219a000 r--s 03c33000 08:01 1449897                    /usr/lib/jvm/java-8-openjdk-amd64/jre/lib/rt.jar
7fba4219f000-7fba44681000 rw-p 00000000 00:00 0 
7fba44681000-7fba44682000 ---p 00000000 00:00 0 
7fba44682000-7fba44782000 rw-p 00000000 00:00 0 
7fba44782000-7fba44783000 ---p 00000000 00:00 0 
7fba44783000-7fba44895000 rw-p 00000000 00:00 0 
7fba44895000-7fba449a0000 ---p 00000000 00:00 0 
7fba449a0000-7fba449aa000 rw-p 00000000 00:00 0 
7fba449aa000-7fba44a2f000 ---p 00000000 00:00 0 
7fba44a2f000-7fba44a47000 rw-p 00000000 00:00 0 
7fba44a47000-7fba44df0000 ---p 00000000 00:00 0 
7fba44df0000-7fba45380000 rwxp 00000000 00:00 0 
7fba45380000-7fba53df0000 ---p 00000000 00:00 0 
7fba53df0000-7fba53df8000 r-xp 00000000 08:01 1449860                    /usr/lib/jvm/java-8-openjdk-amd64/jre/lib/amd64/libzip.so
7fba53df8000-7fba53ff7000 ---p 00008000 08:01 1449860                    /usr/lib/jvm/java-8-openjdk-amd64/jre/lib/amd64/libzip.so
7fba53ff7000-7fba53ff8000 r--p 00007000 08:01 1449860                    /usr/lib/jvm/java-8-openjdk-amd64/jre/lib/amd64/libzip.so
7fba53ff8000-7fba53ff9000 rw-p 00008000 08:01 1449860                    /usr/lib/jvm/java-8-openjdk-amd64/jre/lib/amd64/libzip.so
7fba54000000-7fba54344000 rw-p 00000000 00:00 0 
7fba54344000-7fba58000000 ---p 00000000 00:00 0 
7fba58002000-7fba58003000 r--s 0000a000 08:01 1449874                    /usr/lib/jvm/java-8-openjdk-amd64/jre/lib/ext/jaccess.jar
7fba58009000-7fba5800b000 r--s 00001000 08:01 1449872                    /usr/lib/jvm/java-8-openjdk-amd64/jre/lib/ext/dnsns.jar
7fba5800b000-7fba58011000 r--s 0003b000 08:01 1449878                    /usr/lib/jvm/java-8-openjdk-amd64/jre/lib/ext/sunjce_provider.jar
7fba58017000-7fba58019000 r--s 00007000 08:01 786522                     /usr/share/java/java-atk-wrapper.jar
7fba5801a000-7fba5802c000 rw-p 00000000 00:00 0 
7fba5802c000-7fba58138000 ---p 00000000 00:00 0 
7fba58138000-7fba58143000 r-xp 00000000 08:01 11017517                   /lib/x86_64-linux-gnu/libnss_files-2.27.so
7fba58143000-7fba58342000 ---p 0000b000 08:01 11017517                   /lib/x86_64-linux-gnu/libnss_files-2.27.so
7fba58342000-7fba58343000 r--p 0000a000 08:01 11017517                   /lib/x86_64-linux-gnu/libnss_files-2.27.so
7fba58343000-7fba58344000 rw-p 0000b000 08:01 11017517                   /lib/x86_64-linux-gnu/libnss_files-2.27.so
7fba58344000-7fba5834a000 rw-p 00000000 00:00 0 
7fba58350000-7fba58367000 r-xp 00000000 08:01 11017513                   /lib/x86_64-linux-gnu/libnsl-2.27.so
7fba58367000-7fba58566000 ---p 00017000 08:01 11017513                   /lib/x86_64-linux-gnu/libnsl-2.27.so
7fba58566000-7fba58567000 r--p 00016000 08:01 11017513                   /lib/x86_64-linux-gnu/libnsl-2.27.so
7fba58567000-7fba58568000 rw-p 00017000 08:01 11017513                   /lib/x86_64-linux-gnu/libnsl-2.27.so
7fba58568000-7fba5856a000 rw-p 00000000 00:00 0 
7fba58570000-7fba5857b000 r-xp 00000000 08:01 11017519                   /lib/x86_64-linux-gnu/libnss_nis-2.27.so
7fba5857b000-7fba5877a000 ---p 0000b000 08:01 11017519                   /lib/x86_64-linux-gnu/libnss_nis-2.27.so
7fba5877a000-7fba5877b000 r--p 0000a000 08:01 11017519                   /lib/x86_64-linux-gnu/libnss_nis-2.27.so
7fba5877b000-7fba5877c000 rw-p 0000b000 08:01 11017519                   /lib/x86_64-linux-gnu/libnss_nis-2.27.so
7fba58780000-7fba58788000 r-xp 00000000 08:01 11017515                   /lib/x86_64-linux-gnu/libnss_compat-2.27.so
7fba58788000-7fba58988000 ---p 00008000 08:01 11017515                   /lib/x86_64-linux-gnu/libnss_compat-2.27.so
7fba58988000-7fba58989000 r--p 00008000 08:01 11017515                   /lib/x86_64-linux-gnu/libnss_compat-2.27.so
7fba58989000-7fba5898a000 rw-p 00009000 08:01 11017515                   /lib/x86_64-linux-gnu/libnss_compat-2.27.so
7fba58990000-7fba589be000 r-xp 00000000 08:01 1449557                    /usr/lib/jvm/java-8-openjdk-amd64/jre/lib/amd64/libjava.so
7fba589be000-7fba58bbd000 ---p 0002e000 08:01 1449557                    /usr/lib/jvm/java-8-openjdk-amd64/jre/lib/amd64/libjava.so
7fba58bbd000-7fba58bbe000 r--p 0002d000 08:01 1449557                    /usr/lib/jvm/java-8-openjdk-amd64/jre/lib/amd64/libjava.so
7fba58bbe000-7fba58bc0000 rw-p 0002e000 08:01 1449557                    /usr/lib/jvm/java-8-openjdk-amd64/jre/lib/amd64/libjava.so
7fba58bc0000-7fba58bd0000 r-xp 00000000 08:01 1449859                    /usr/lib/jvm/java-8-openjdk-amd64/jre/lib/amd64/libverify.so
7fba58bd0000-7fba58dcf000 ---p 00010000 08:01 1449859                    /usr/lib/jvm/java-8-openjdk-amd64/jre/lib/amd64/libverify.so
7fba58dcf000-7fba58dd1000 r--p 0000f000 08:01 1449859                    /usr/lib/jvm/java-8-openjdk-amd64/jre/lib/amd64/libverify.so
7fba58dd1000-7fba58dd2000 rw-p 00011000 08:01 1449859                    /usr/lib/jvm/java-8-openjdk-amd64/jre/lib/amd64/libverify.so
7fba58dd8000-7fba58ddf000 r-xp 00000000 08:01 11017524                   /lib/x86_64-linux-gnu/librt-2.27.so
7fba58ddf000-7fba58fde000 ---p 00007000 08:01 11017524                   /lib/x86_64-linux-gnu/librt-2.27.so
7fba58fde000-7fba58fdf000 r--p 00006000 08:01 11017524                   /lib/x86_64-linux-gnu/librt-2.27.so
7fba58fdf000-7fba58fe0000 rw-p 00007000 08:01 11017524                   /lib/x86_64-linux-gnu/librt-2.27.so
7fba58fe0000-7fba58ff7000 r-xp 00000000 08:01 11011620                   /lib/x86_64-linux-gnu/libgcc_s.so.1
7fba58ff7000-7fba591f6000 ---p 00017000 08:01 11011620                   /lib/x86_64-linux-gnu/libgcc_s.so.1
7fba591f6000-7fba591f7000 r--p 00016000 08:01 11011620                   /lib/x86_64-linux-gnu/libgcc_s.so.1
7fba591f7000-7fba591f8000 rw-p 00017000 08:01 11011620                   /lib/x86_64-linux-gnu/libgcc_s.so.1
7fba591f8000-7fba59395000 r-xp 00000000 08:01 11017510                   /lib/x86_64-linux-gnu/libm-2.27.so
7fba59395000-7fba59594000 ---p 0019d000 08:01 11017510                   /lib/x86_64-linux-gnu/libm-2.27.so
7fba59594000-7fba59595000 r--p 0019c000 08:01 11017510                   /lib/x86_64-linux-gnu/libm-2.27.so
7fba59595000-7fba59596000 rw-p 0019d000 08:01 11017510                   /lib/x86_64-linux-gnu/libm-2.27.so
7fba59598000-7fba59711000 r-xp 00000000 08:01 394693                     /usr/lib/x86_64-linux-gnu/libstdc++.so.6.0.25
7fba59711000-7fba59911000 ---p 00179000 08:01 394693                     /usr/lib/x86_64-linux-gnu/libstdc++.so.6.0.25
7fba59911000-7fba5991b000 r--p 00179000 08:01 394693                     /usr/lib/x86_64-linux-gnu/libstdc++.so.6.0.25
7fba5991b000-7fba5991d000 rw-p 00183000 08:01 394693                     /usr/lib/x86_64-linux-gnu/libstdc++.so.6.0.25
7fba5991d000-7fba59921000 rw-p 00000000 00:00 0 
7fba59928000-7fba5a5c2000 r-xp 00000000 08:01 1449862                    /usr/lib/jvm/java-8-openjdk-amd64/jre/lib/amd64/server/libjvm.so
7fba5a5c2000-7fba5a7c1000 ---p 00c9a000 08:01 1449862                    /usr/lib/jvm/java-8-openjdk-amd64/jre/lib/amd64/server/libjvm.so
7fba5a7c1000-7fba5a855000 r--p 00c99000 08:01 1449862                    /usr/lib/jvm/java-8-openjdk-amd64/jre/lib/amd64/server/libjvm.so
7fba5a855000-7fba5a87e000 rw-p 00d2d000 08:01 1449862                    /usr/lib/jvm/java-8-openjdk-amd64/jre/lib/amd64/server/libjvm.so
7fba5a87e000-7fba5a8ae000 rw-p 00000000 00:00 0 
7fba5a8b0000-7fba5a8ca000 r-xp 00000000 08:01 11017522                   /lib/x86_64-linux-gnu/libpthread-2.27.so
7fba5a8ca000-7fba5aac9000 ---p 0001a000 08:01 11017522                   /lib/x86_64-linux-gnu/libpthread-2.27.so
7fba5aac9000-7fba5aaca000 r--p 00019000 08:01 11017522                   /lib/x86_64-linux-gnu/libpthread-2.27.so
7fba5aaca000-7fba5aacb000 rw-p 0001a000 08:01 11017522                   /lib/x86_64-linux-gnu/libpthread-2.27.so
7fba5aacb000-7fba5aacf000 rw-p 00000000 00:00 0 
7fba5aad0000-7fba5aad3000 r-xp 00000000 08:01 11017509                   /lib/x86_64-linux-gnu/libdl-2.27.so
7fba5aad3000-7fba5acd2000 ---p 00003000 08:01 11017509                   /lib/x86_64-linux-gnu/libdl-2.27.so
7fba5acd2000-7fba5acd3000 r--p 00002000 08:01 11017509                   /lib/x86_64-linux-gnu/libdl-2.27.so
7fba5acd3000-7fba5acd4000 rw-p 00003000 08:01 11017509                   /lib/x86_64-linux-gnu/libdl-2.27.so
7fba5acd8000-7fba5acf4000 r-xp 00000000 08:01 11014795                   /lib/x86_64-linux-gnu/libz.so.1.2.11
7fba5acf4000-7fba5aef3000 ---p 0001c000 08:01 11014795                   /lib/x86_64-linux-gnu/libz.so.1.2.11
7fba5aef3000-7fba5aef4000 r--p 0001b000 08:01 11014795                   /lib/x86_64-linux-gnu/libz.so.1.2.11
7fba5aef4000-7fba5aef5000 rw-p 0001c000 08:01 11014795                   /lib/x86_64-linux-gnu/libz.so.1.2.11
7fba5aef8000-7fba5b0df000 r-xp 00000000 08:01 11014791                   /lib/x86_64-linux-gnu/libc-2.27.so
7fba5b0df000-7fba5b2df000 ---p 001e7000 08:01 11014791                   /lib/x86_64-linux-gnu/libc-2.27.so
7fba5b2df000-7fba5b2e3000 r--p 001e7000 08:01 11014791                   /lib/x86_64-linux-gnu/libc-2.27.so
7fba5b2e3000-7fba5b2e5000 rw-p 001eb000 08:01 11014791                   /lib/x86_64-linux-gnu/libc-2.27.so
7fba5b2e5000-7fba5b2e9000 rw-p 00000000 00:00 0 
7fba5b2f0000-7fba5b2fe000 r-xp 00000000 08:01 1448591                    /usr/lib/jvm/java-8-openjdk-amd64/jre/lib/amd64/jli/libjli.so
7fba5b2fe000-7fba5b4fd000 ---p 0000e000 08:01 1448591                    /usr/lib/jvm/java-8-openjdk-amd64/jre/lib/amd64/jli/libjli.so
7fba5b4fd000-7fba5b4fe000 r--p 0000d000 08:01 1448591                    /usr/lib/jvm/java-8-openjdk-amd64/jre/lib/amd64/jli/libjli.so
7fba5b4fe000-7fba5b4ff000 rw-p 0000e000 08:01 1448591                    /usr/lib/jvm/java-8-openjdk-amd64/jre/lib/amd64/jli/libjli.so
7fba5b500000-7fba5b527000 r-xp 00000000 08:01 11014560                   /lib/x86_64-linux-gnu/ld-2.27.so
7fba5b528000-7fba5b529000 r--s 00010000 08:01 1449880                    /usr/lib/jvm/java-8-openjdk-amd64/jre/lib/ext/zipfs.jar
7fba5b530000-7fba5b532000 r--s 00008000 08:01 1449877                    /usr/lib/jvm/java-8-openjdk-amd64/jre/lib/ext/sunec.jar
7fba5b536000-7fba5b618000 rw-p 00000000 00:00 0 
7fba5b618000-7fba5b620000 rw-s 00000000 08:01 1317824                    /tmp/hsperfdata_juan/5022
7fba5b626000-7fba5b627000 ---p 00000000 00:00 0 
7fba5b627000-7fba5b62a000 ---p 00000000 00:00 0 
7fba5b62a000-7fba5b727000 rw-p 00000000 00:00 0 
7fba5b727000-7fba5b728000 r--p 00027000 08:01 11014560                   /lib/x86_64-linux-gnu/ld-2.27.so
7fba5b728000-7fba5b729000 rw-p 00028000 08:01 11014560                   /lib/x86_64-linux-gnu/ld-2.27.so
7fba5b729000-7fba5b72a000 rw-p 00000000 00:00 0 
7fba5b72b000-7fba5b72c000 rw-p 00000000 00:00 0 
7fba5b72c000-7fba5b72d000 r--p 00000000 00:00 0 
7fba5b72d000-7fba5b731000 rw-p 00000000 00:00 0 
7ffc2f430000-7ffc2f451000 rw-p 00000000 00:00 0                          [stack]
7ffc2f5f8000-7ffc2f5fb000 r--p 00000000 00:00 0                          [vvar]
7ffc2f5fb000-7ffc2f5fd000 r-xp 00000000 00:00 0                          [vdso]
ffffffffff600000-ffffffffff601000 r-xp 00000000 00:00 0                  [vsyscall]

VM Arguments:
jvm_args: -Dfile.encoding=UTF-8 
java_command: gui.areas.vistas.VistaAreas
java_class_path (initial): /home/juan/NetBeansProjects/TrabajosGraduacionEquipo2/TrabajosGraduacionEquipo2/build/classes
Launcher Type: SUN_STANDARD

Environment Variables:
JAVA_HOME=/usr/lib/jvm/java-8-oracle
PATH=/usr/local/sbin:/usr/local/bin:/usr/sbin:/usr/bin:/sbin:/bin:/usr/games:/usr/local/games:/snap/bin:/usr/lib/jvm/java-8-oracle/bin:/usr/lib/jvm/java-8-oracle/db/bin:/usr/lib/jvm/java-8-oracle/jre/bin
USERNAME=juan
LD_LIBRARY_PATH=/usr/lib/jvm/java-8-openjdk-amd64/jre/lib/amd64:/usr/lib/jvm/java-8-openjdk-amd64/jre/lib/i386:
SHELL=/bin/bash
DISPLAY=:0

Signal Handlers:
SIGSEGV: [libjvm.so+0xab2e60], sa_mask[0]=11111111011111111101111111111110, sa_flags=SA_RESTART|SA_SIGINFO
SIGBUS: [libjvm.so+0xab2e60], sa_mask[0]=11111111011111111101111111111110, sa_flags=SA_RESTART|SA_SIGINFO
SIGFPE: [libjvm.so+0x8e8860], sa_mask[0]=11111111011111111101111111111110, sa_flags=SA_RESTART|SA_SIGINFO
SIGPIPE: [libjvm.so+0x8e8860], sa_mask[0]=11111111011111111101111111111110, sa_flags=SA_RESTART|SA_SIGINFO
SIGXFSZ: [libjvm.so+0x8e8860], sa_mask[0]=11111111011111111101111111111110, sa_flags=SA_RESTART|SA_SIGINFO
SIGILL: [libjvm.so+0x8e8860], sa_mask[0]=11111111011111111101111111111110, sa_flags=SA_RESTART|SA_SIGINFO
SIGUSR1: SIG_DFL, sa_mask[0]=00000000000000000000000000000000, sa_flags=none
SIGUSR2: [libjvm.so+0x8e8710], sa_mask[0]=00100000000000000000000000000000, sa_flags=SA_RESTART|SA_SIGINFO
SIGHUP: [libjvm.so+0x8e8d80], sa_mask[0]=11111111011111111101111111111110, sa_flags=SA_RESTART|SA_SIGINFO
SIGINT: SIG_IGN, sa_mask[0]=00000000000000000000000000000000, sa_flags=none
SIGTERM: [libjvm.so+0x8e8d80], sa_mask[0]=11111111011111111101111111111110, sa_flags=SA_RESTART|SA_SIGINFO
SIGQUIT: [libjvm.so+0x8e8d80], sa_mask[0]=11111111011111111101111111111110, sa_flags=SA_RESTART|SA_SIGINFO


---------------  S Y S T E M  ---------------

OS:DISTRIB_ID=Ubuntu
DISTRIB_RELEASE=18.04
DISTRIB_CODENAME=bionic
DISTRIB_DESCRIPTION="Ubuntu 18.04.1 LTS"

uname:Linux 4.15.0-43-generic #46-Ubuntu SMP Thu Dec 6 14:45:28 UTC 2018 x86_64
libc:glibc 2.27 NPTL 2.27 
rlimit: STACK 8192k, CORE 0k, NPROC 13429, NOFILE 4096, AS infinity
load average:4,70 1,34 0,75

/proc/meminfo:
MemTotal:        3498448 kB
MemFree:         2223744 kB
MemAvailable:    2364880 kB
Buffers:           25108 kB
Cached:           296556 kB
SwapCached:         7568 kB
Active:           771100 kB
Inactive:         339132 kB
Active(anon):     598456 kB
Inactive(anon):   192576 kB
Active(file):     172644 kB
Inactive(file):   146556 kB
Unevictable:           0 kB
Mlocked:               0 kB
SwapTotal:       2097148 kB
SwapFree:        1880828 kB
Dirty:              3996 kB
Writeback:             0 kB
AnonPages:        783500 kB
Mapped:            72648 kB
Shmem:              2456 kB
Slab:              84368 kB
SReclaimable:      49996 kB
SUnreclaim:        34372 kB
KernelStack:        3080 kB
PageTables:        10508 kB
NFS_Unstable:          0 kB
Bounce:                0 kB
WritebackTmp:          0 kB
CommitLimit:     3846372 kB
Committed_AS:    2412696 kB
VmallocTotal:   34359738367 kB
VmallocUsed:           0 kB
VmallocChunk:          0 kB
HardwareCorrupted:     0 kB
AnonHugePages:         0 kB
ShmemHugePages:        0 kB
ShmemPmdMapped:        0 kB
CmaTotal:              0 kB
CmaFree:               0 kB
HugePages_Total:       0
HugePages_Free:        0
HugePages_Rsvd:        0
HugePages_Surp:        0
Hugepagesize:       2048 kB
DirectMap4k:      236932 kB
DirectMap2M:     3407872 kB
DirectMap1G:           0 kB

container (cgroup) information:
container_type: cgroupv1
cpu_cpuset_cpus: 0-1
cpu_memory_nodes: 0
active_processor_count: 2
cpu_quota: -1
cpu_period: 100000
cpu_shares: -1
memory_limit_in_bytes: -1
memory_and_swap_limit_in_bytes: -2
memory_soft_limit_in_bytes: -1
memory_usage_in_bytes: 1135583232
memory_max_usage_in_bytes: 58654720


CPU:total 2 (initial active 2) (2 cores per cpu, 1 threads per core) family 21 model 16 stepping 1, cmov, cx8, fxsr, mmx, sse, sse2, sse3, ssse3, sse4.1, sse4.2, popcnt, avx, aes, clmul, mmxext, 3dnowpref, lzcnt, sse4a, tsc, tscinvbit, tscinv, bmi1

/proc/cpuinfo:
processor	: 0
vendor_id	: AuthenticAMD
cpu family	: 21
model		: 16
model name	: AMD A4-4355M APU with Radeon(tm) HD Graphics
stepping	: 1
microcode	: 0x6001119
cpu MHz		: 1896.561
cache size	: 1024 KB
physical id	: 0
siblings	: 2
core id		: 0
cpu cores	: 1
apicid		: 16
initial apicid	: 0
fpu		: yes
fpu_exception	: yes
cpuid level	: 13
wp		: yes
flags		: fpu vme de pse tsc msr pae mce cx8 apic sep mtrr pge mca cmov pat pse36 clflush mmx fxsr sse sse2 ht syscall nx mmxext fxsr_opt pdpe1gb rdtscp lm constant_tsc rep_good nopl nonstop_tsc cpuid extd_apicid aperfmperf pni pclmulqdq monitor ssse3 fma cx16 sse4_1 sse4_2 popcnt aes xsave avx f16c lahf_lm cmp_legacy svm extapic cr8_legacy abm sse4a misalignsse 3dnowprefetch osvw ibs xop skinit wdt lwp fma4 tce nodeid_msr tbm topoext perfctr_core perfctr_nb cpb hw_pstate ssbd vmmcall bmi1 arat npt lbrv svm_lock nrip_save tsc_scale vmcb_clean flushbyasid decodeassists pausefilter pfthreshold
bugs		: fxsave_leak sysret_ss_attrs null_seg spectre_v1 spectre_v2 spec_store_bypass
bogomips	: 3793.12
TLB size	: 1536 4K pages
clflush size	: 64
cache_alignment	: 64
address sizes	: 48 bits physical, 48 bits virtual
power management: ts ttp tm 100mhzsteps hwpstate cpb eff_freq_ro

processor	: 1
vendor_id	: AuthenticAMD
cpu family	: 21
model		: 16
model name	: AMD A4-4355M APU with Radeon(tm) HD Graphics
stepping	: 1
microcode	: 0x6001119
cpu MHz		: 1896.562
cache size	: 1024 KB
physical id	: 0
siblings	: 2
core id		: 1
cpu cores	: 1
apicid		: 17
initial apicid	: 1
fpu		: yes
fpu_exception	: yes
cpuid level	: 13
wp		: yes
flags		: fpu vme de pse tsc msr pae mce cx8 apic sep mtrr pge mca cmov pat pse36 clflush mmx fxsr sse sse2 ht syscall nx mmxext fxsr_opt pdpe1gb rdtscp lm constant_tsc rep_good nopl nonstop_tsc cpuid extd_apicid aperfmperf pni pclmulqdq monitor ssse3 fma cx16 sse4_1 sse4_2 popcnt aes xsave avx f16c lahf_lm cmp_legacy svm extapic cr8_legacy abm sse4a misalignsse 3dnowprefetch osvw ibs xop skinit wdt lwp fma4 tce nodeid_msr tbm topoext perfctr_core perfctr_nb cpb hw_pstate ssbd vmmcall bmi1 arat npt lbrv svm_lock nrip_save tsc_scale vmcb_clean flushbyasid decodeassists pausefilter pfthreshold
bugs		: fxsave_leak sysret_ss_attrs null_seg spectre_v1 spectre_v2 spec_store_bypass
bogomips	: 3793.12
TLB size	: 1536 4K pages
clflush size	: 64
cache_alignment	: 64
address sizes	: 48 bits physical, 48 bits virtual
power management: ts ttp tm 100mhzsteps hwpstate cpb eff_freq_ro



Memory: 4k page, physical 3498448k(2223744k free), swap 2097148k(1880828k free)

vm_info: OpenJDK 64-Bit Server VM (25.191-b12) for linux-amd64 JRE (1.8.0_191-8u191-b12-0ubuntu0.18.04.1-b12), built on Nov 20 2018 01:07:58 by "buildd" with gcc 7.3.0

time: Fri Feb  1 19:39:48 2019
elapsed time: 1648 seconds (0d 0h 27m 28s)

